[09-Dec-2025 16:30:25 Europe/Berlin] PHP Warning:  require(C:\xampp\htdocs\etala_website\etala-api\backend/PHPMailer/src/PHPMailer.php): Failed to open stream: No such file or directory in C:\xampp\htdocs\etala_website\etala-api\backend\send_otp.php on line 23
[09-Dec-2025 16:30:25 Europe/Berlin] PHP Fatal error:  Uncaught Error: Failed opening required 'C:\xampp\htdocs\etala_website\etala-api\backend/PHPMailer/src/PHPMailer.php' (include_path='C:\xampp\php\PEAR') in C:\xampp\htdocs\etala_website\etala-api\backend\send_otp.php:23
Stack trace:
#0 {main}
  thrown in C:\xampp\htdocs\etala_website\etala-api\backend\send_otp.php on line 23
[09-Dec-2025 16:30:31 Europe/Berlin] PHP Warning:  require(C:\xampp\htdocs\etala_website\etala-api\backend/PHPMailer/src/PHPMailer.php): Failed to open stream: No such file or directory in C:\xampp\htdocs\etala_website\etala-api\backend\send_otp.php on line 23
[09-Dec-2025 16:30:31 Europe/Berlin] PHP Fatal error:  Uncaught Error: Failed opening required 'C:\xampp\htdocs\etala_website\etala-api\backend/PHPMailer/src/PHPMailer.php' (include_path='C:\xampp\php\PEAR') in C:\xampp\htdocs\etala_website\etala-api\backend\send_otp.php:23
Stack trace:
#0 {main}
  thrown in C:\xampp\htdocs\etala_website\etala-api\backend\send_otp.php on line 23
[09-Dec-2025 16:30:36 Europe/Berlin] PHP Warning:  require(C:\xampp\htdocs\etala_website\etala-api\backend/PHPMailer/src/PHPMailer.php): Failed to open stream: No such file or directory in C:\xampp\htdocs\etala_website\etala-api\backend\send_otp.php on line 23
[09-Dec-2025 16:30:36 Europe/Berlin] PHP Fatal error:  Uncaught Error: Failed opening required 'C:\xampp\htdocs\etala_website\etala-api\backend/PHPMailer/src/PHPMailer.php' (include_path='C:\xampp\php\PEAR') in C:\xampp\htdocs\etala_website\etala-api\backend\send_otp.php:23
Stack trace:
#0 {main}
  thrown in C:\xampp\htdocs\etala_website\etala-api\backend\send_otp.php on line 23
[09-Dec-2025 16:30:37 Europe/Berlin] PHP Warning:  require(C:\xampp\htdocs\etala_website\etala-api\backend/PHPMailer/src/PHPMailer.php): Failed to open stream: No such file or directory in C:\xampp\htdocs\etala_website\etala-api\backend\send_otp.php on line 23
[09-Dec-2025 16:30:37 Europe/Berlin] PHP Fatal error:  Uncaught Error: Failed opening required 'C:\xampp\htdocs\etala_website\etala-api\backend/PHPMailer/src/PHPMailer.php' (include_path='C:\xampp\php\PEAR') in C:\xampp\htdocs\etala_website\etala-api\backend\send_otp.php:23
Stack trace:
#0 {main}
  thrown in C:\xampp\htdocs\etala_website\etala-api\backend\send_otp.php on line 23
[09-Dec-2025 16:30:37 Europe/Berlin] PHP Warning:  require(C:\xampp\htdocs\etala_website\etala-api\backend/PHPMailer/src/PHPMailer.php): Failed to open stream: No such file or directory in C:\xampp\htdocs\etala_website\etala-api\backend\send_otp.php on line 23
[09-Dec-2025 16:30:37 Europe/Berlin] PHP Fatal error:  Uncaught Error: Failed opening required 'C:\xampp\htdocs\etala_website\etala-api\backend/PHPMailer/src/PHPMailer.php' (include_path='C:\xampp\php\PEAR') in C:\xampp\htdocs\etala_website\etala-api\backend\send_otp.php:23
Stack trace:
#0 {main}
  thrown in C:\xampp\htdocs\etala_website\etala-api\backend\send_otp.php on line 23
[10-Dec-2025 01:58:28 Europe/Berlin] Mailer error: SMTP Error: Could not connect to SMTP host. Failed to connect to server SMTP server error: Failed to connect to server SMTP code: 10060 Additional SMTP info: A connection attempt failed because the connected party did not properly respond after a period of time, or established connection failed because connected host has failed to respond
[10-Dec-2025 01:58:33 Europe/Berlin] Mailer error: SMTP Error: Could not connect to SMTP host. Failed to connect to server SMTP server error: Failed to connect to server SMTP code: 10060 Additional SMTP info: A connection attempt failed because the connected party did not properly respond after a period of time, or established connection failed because connected host has failed to respond
[10-Dec-2025 01:58:43 Europe/Berlin] Mailer error: SMTP Error: Could not connect to SMTP host. Failed to connect to server SMTP server error: Failed to connect to server SMTP code: 10060 Additional SMTP info: A connection attempt failed because the connected party did not properly respond after a period of time, or established connection failed because connected host has failed to respond
[10-Dec-2025 01:58:44 Europe/Berlin] Mailer error: SMTP Error: Could not connect to SMTP host. Failed to connect to server SMTP server error: Failed to connect to server SMTP code: 10060 Additional SMTP info: A connection attempt failed because the connected party did not properly respond after a period of time, or established connection failed because connected host has failed to respond
[10-Dec-2025 01:58:44 Europe/Berlin] Mailer error: SMTP Error: Could not connect to SMTP host. Failed to connect to server SMTP server error: Failed to connect to server SMTP code: 10060 Additional SMTP info: A connection attempt failed because the connected party did not properly respond after a period of time, or established connection failed because connected host has failed to respond
[10-Dec-2025 01:58:45 Europe/Berlin] Mailer error: SMTP Error: Could not connect to SMTP host. Failed to connect to server SMTP server error: Failed to connect to server SMTP code: 10060 Additional SMTP info: A connection attempt failed because the connected party did not properly respond after a period of time, or established connection failed because connected host has failed to respond
[10-Dec-2025 01:59:46 Europe/Berlin] Mailer error: SMTP Error: Could not connect to SMTP host. Failed to connect to server SMTP server error: Failed to connect to server SMTP code: 10060 Additional SMTP info: A connection attempt failed because the connected party did not properly respond after a period of time, or established connection failed because connected host has failed to respond
[10-Dec-2025 02:00:06 Europe/Berlin] Mailer error: SMTP Error: Could not connect to SMTP host. Failed to connect to server SMTP server error: Failed to connect to server SMTP code: 10060 Additional SMTP info: A connection attempt failed because the connected party did not properly respond after a period of time, or established connection failed because connected host has failed to respond
[10-Dec-2025 02:01:04 Europe/Berlin] Mailer error: SMTP Error: Could not connect to SMTP host. Failed to connect to server SMTP server error: Failed to connect to server SMTP code: 10060 Additional SMTP info: A connection attempt failed because the connected party did not properly respond after a period of time, or established connection failed because connected host has failed to respond
[10-Dec-2025 02:01:06 Europe/Berlin] Mailer error: SMTP Error: Could not connect to SMTP host. Failed to connect to server SMTP server error: Failed to connect to server SMTP code: 10060 Additional SMTP info: A connection attempt failed because the connected party did not properly respond after a period of time, or established connection failed because connected host has failed to respond
[10-Dec-2025 02:10:46 Europe/Berlin] Mailer error: SMTP Error: Could not connect to SMTP host. Failed to connect to server SMTP server error: Failed to connect to server SMTP code: 10060 Additional SMTP info: A connection attempt failed because the connected party did not properly respond after a period of time, or established connection failed because connected host has failed to respond
[10-Dec-2025 02:10:48 Europe/Berlin] Mailer error: SMTP Error: Could not connect to SMTP host. Failed to connect to server SMTP server error: Failed to connect to server SMTP code: 10060 Additional SMTP info: A connection attempt failed because the connected party did not properly respond after a period of time, or established connection failed because connected host has failed to respond
[10-Dec-2025 02:10:50 Europe/Berlin] Mailer error: SMTP Error: Could not connect to SMTP host. Failed to connect to server SMTP server error: Failed to connect to server SMTP code: 10060 Additional SMTP info: A connection attempt failed because the connected party did not properly respond after a period of time, or established connection failed because connected host has failed to respond
[10-Dec-2025 02:11:32 Europe/Berlin] Mailer error: SMTP Error: Could not connect to SMTP host. Failed to connect to server SMTP server error: Failed to connect to server SMTP code: 10060 Additional SMTP info: A connection attempt failed because the connected party did not properly respond after a period of time, or established connection failed because connected host has failed to respond
[10-Dec-2025 02:11:41 Europe/Berlin] Mailer error: SMTP Error: Could not connect to SMTP host. Failed to connect to server SMTP server error: Failed to connect to server SMTP code: 10060 Additional SMTP info: A connection attempt failed because the connected party did not properly respond after a period of time, or established connection failed because connected host has failed to respond
[10-Dec-2025 02:11:45 Europe/Berlin] Mailer error: SMTP Error: Could not connect to SMTP host. Failed to connect to server SMTP server error: Failed to connect to server SMTP code: 10060 Additional SMTP info: A connection attempt failed because the connected party did not properly respond after a period of time, or established connection failed because connected host has failed to respond
